2024-05-14 14:12:30,635 [Worker-4: Loading available Gradle versions] INFO  o.e.b.c.i.u.g.PublishedGradleVersions - Gradle version information cache is up-to-date. Trying to read.
2024-05-14 14:13:01,825 [Worker-12: Building] INFO  o.e.m.c.i.l.LifecycleMappingFactory - Using org.eclipse.m2e.jdt.JarLifecycleMapping lifecycle mapping for MavenProject: com.example:springboot:0.0.1-SNAPSHOT @ C:\Users\gabri\eclipse-workspace\springboot\springboot\pom.xml.
2024-05-14 14:13:06,378 [Worker-12: Building] INFO  o.a.m.s.f.DefaultMavenResourcesFiltering - Copying 1 resource from src\main\resources to target\classes
2024-05-14 14:13:06,423 [Worker-12: Building] INFO  o.a.m.s.f.DefaultMavenResourcesFiltering - Copying 0 resource from src\main\resources to target\classes
2024-05-14 14:13:06,441 [Worker-12: Building] INFO  o.a.m.s.f.DefaultMavenResourcesFiltering - skip non existing resourceDirectory C:\Users\gabri\eclipse-workspace\springboot\springboot\src\test\resources
2024-05-14 14:21:12,413 [Worker-6: Building] INFO  o.a.m.s.f.DefaultMavenResourcesFiltering - Copying 1 resource from src\main\resources to target\classes
2024-05-14 14:21:12,420 [Worker-6: Building] INFO  o.a.m.s.f.DefaultMavenResourcesFiltering - Copying 0 resource from src\main\resources to target\classes
2024-05-14 14:21:12,427 [Worker-6: Building] INFO  o.a.m.s.f.DefaultMavenResourcesFiltering - skip non existing resourceDirectory C:\Users\gabri\eclipse-workspace\springboot\springboot\src\test\resources
2024-05-14 14:26:59,404 [Worker-21: Building] INFO  o.a.m.s.f.DefaultMavenResourcesFiltering - Copying 1 resource from src\main\resources to target\classes
2024-05-14 14:26:59,423 [Worker-21: Building] INFO  o.a.m.s.f.DefaultMavenResourcesFiltering - Copying 0 resource from src\main\resources to target\classes
2024-05-14 14:26:59,430 [Worker-21: Building] INFO  o.a.m.s.f.DefaultMavenResourcesFiltering - skip non existing resourceDirectory C:\Users\gabri\eclipse-workspace\springboot\springboot\src\test\resources
2024-05-14 14:36:27,779 [Worker-21: Building] INFO  o.a.m.s.f.DefaultMavenResourcesFiltering - Copying 1 resource from src\main\resources to target\classes
2024-05-14 14:36:27,792 [Worker-21: Building] INFO  o.a.m.s.f.DefaultMavenResourcesFiltering - Copying 0 resource from src\main\resources to target\classes
2024-05-14 14:36:27,798 [Worker-21: Building] INFO  o.a.m.s.f.DefaultMavenResourcesFiltering - skip non existing resourceDirectory C:\Users\gabri\eclipse-workspace\springboot\springboot\src\test\resources
2024-05-14 14:38:59,595 [Worker-29: Building] INFO  o.a.m.s.f.DefaultMavenResourcesFiltering - Copying 1 resource from src\main\resources to target\classes
2024-05-14 14:38:59,626 [Worker-29: Building] INFO  o.a.m.s.f.DefaultMavenResourcesFiltering - Copying 0 resource from src\main\resources to target\classes
2024-05-14 14:38:59,634 [Worker-29: Building] INFO  o.a.m.s.f.DefaultMavenResourcesFiltering - skip non existing resourceDirectory C:\Users\gabri\eclipse-workspace\springboot\springboot\src\test\resources
2024-05-14 14:41:19,071 [Worker-27: Building] INFO  o.a.m.s.f.DefaultMavenResourcesFiltering - Copying 1 resource from src\main\resources to target\classes
2024-05-14 14:41:19,108 [Worker-27: Building] INFO  o.a.m.s.f.DefaultMavenResourcesFiltering - Copying 0 resource from src\main\resources to target\classes
2024-05-14 14:41:19,115 [Worker-27: Building] INFO  o.a.m.s.f.DefaultMavenResourcesFiltering - skip non existing resourceDirectory C:\Users\gabri\eclipse-workspace\springboot\springboot\src\test\resources
2024-05-14 15:02:54,724 [Worker-32: Building] INFO  o.a.m.s.f.DefaultMavenResourcesFiltering - Copying 1 resource from src\main\resources to target\classes
2024-05-14 15:02:54,784 [Worker-32: Building] INFO  o.a.m.s.f.DefaultMavenResourcesFiltering - Copying 0 resource from src\main\resources to target\classes
2024-05-14 15:02:54,791 [Worker-32: Building] INFO  o.a.m.s.f.DefaultMavenResourcesFiltering - skip non existing resourceDirectory C:\Users\gabri\eclipse-workspace\springboot\springboot\src\test\resources
2024-05-14 15:04:51,350 [Worker-21: Building] INFO  o.a.m.s.f.DefaultMavenResourcesFiltering - Copying 1 resource from src\main\resources to target\classes
2024-05-14 15:04:51,390 [Worker-21: Building] INFO  o.a.m.s.f.DefaultMavenResourcesFiltering - Copying 0 resource from src\main\resources to target\classes
2024-05-14 15:04:51,400 [Worker-21: Building] INFO  o.a.m.s.f.DefaultMavenResourcesFiltering - skip non existing resourceDirectory C:\Users\gabri\eclipse-workspace\springboot\springboot\src\test\resources
2024-05-14 15:15:12,631 [Worker-21: Building] INFO  o.a.m.s.f.DefaultMavenResourcesFiltering - Copying 1 resource from src\main\resources to target\classes
2024-05-14 15:15:12,640 [Worker-21: Building] INFO  o.a.m.s.f.DefaultMavenResourcesFiltering - Copying 0 resource from src\main\resources to target\classes
2024-05-14 15:15:12,644 [Worker-21: Building] INFO  o.a.m.s.f.DefaultMavenResourcesFiltering - skip non existing resourceDirectory C:\Users\gabri\eclipse-workspace\springboot\springboot\src\test\resources
2024-05-14 15:21:19,790 [Worker-21: Building] INFO  o.a.m.s.f.DefaultMavenResourcesFiltering - Copying 1 resource from src\main\resources to target\classes
2024-05-14 15:21:19,830 [Worker-21: Building] INFO  o.a.m.s.f.DefaultMavenResourcesFiltering - Copying 0 resource from src\main\resources to target\classes
2024-05-14 15:21:19,837 [Worker-21: Building] INFO  o.a.m.s.f.DefaultMavenResourcesFiltering - skip non existing resourceDirectory C:\Users\gabri\eclipse-workspace\springboot\springboot\src\test\resources
2024-05-14 15:31:48,155 [Worker-36: Building] INFO  o.a.m.s.f.DefaultMavenResourcesFiltering - Copying 1 resource from src\main\resources to target\classes
2024-05-14 15:31:48,169 [Worker-36: Building] INFO  o.a.m.s.f.DefaultMavenResourcesFiltering - Copying 0 resource from src\main\resources to target\classes
2024-05-14 15:31:48,174 [Worker-36: Building] INFO  o.a.m.s.f.DefaultMavenResourcesFiltering - skip non existing resourceDirectory C:\Users\gabri\eclipse-workspace\springboot\springboot\src\test\resources
2024-05-14 15:33:40,958 [Worker-34: Building] INFO  o.a.m.s.f.DefaultMavenResourcesFiltering - Copying 1 resource from src\main\resources to target\classes
2024-05-14 15:33:40,970 [Worker-34: Building] INFO  o.a.m.s.f.DefaultMavenResourcesFiltering - Copying 0 resource from src\main\resources to target\classes
2024-05-14 15:33:40,974 [Worker-34: Building] INFO  o.a.m.s.f.DefaultMavenResourcesFiltering - skip non existing resourceDirectory C:\Users\gabri\eclipse-workspace\springboot\springboot\src\test\resources
2024-05-14 15:34:37,475 [Worker-36: Building] INFO  o.a.m.s.f.DefaultMavenResourcesFiltering - Copying 1 resource from src\main\resources to target\classes
2024-05-14 15:34:37,486 [Worker-36: Building] INFO  o.a.m.s.f.DefaultMavenResourcesFiltering - Copying 0 resource from src\main\resources to target\classes
2024-05-14 15:34:37,491 [Worker-36: Building] INFO  o.a.m.s.f.DefaultMavenResourcesFiltering - skip non existing resourceDirectory C:\Users\gabri\eclipse-workspace\springboot\springboot\src\test\resources
2024-05-14 15:56:17,045 [Worker-37: Building] INFO  o.a.m.s.f.DefaultMavenResourcesFiltering - Copying 1 resource from src\main\resources to target\classes
2024-05-14 15:56:17,084 [Worker-37: Building] INFO  o.a.m.s.f.DefaultMavenResourcesFiltering - Copying 0 resource from src\main\resources to target\classes
2024-05-14 15:56:17,088 [Worker-37: Building] INFO  o.a.m.s.f.DefaultMavenResourcesFiltering - skip non existing resourceDirectory C:\Users\gabri\eclipse-workspace\springboot\springboot\src\test\resources
2024-05-14 15:56:23,147 [Worker-34: Building] INFO  o.a.m.s.f.DefaultMavenResourcesFiltering - Copying 1 resource from src\main\resources to target\classes
2024-05-14 15:56:23,166 [Worker-34: Building] INFO  o.a.m.s.f.DefaultMavenResourcesFiltering - Copying 0 resource from src\main\resources to target\classes
2024-05-14 15:56:23,170 [Worker-34: Building] INFO  o.a.m.s.f.DefaultMavenResourcesFiltering - skip non existing resourceDirectory C:\Users\gabri\eclipse-workspace\springboot\springboot\src\test\resources
2024-05-14 17:20:13,570 [Worker-42: Building] INFO  o.a.m.s.f.DefaultMavenResourcesFiltering - Copying 1 resource from src\main\resources to target\classes
2024-05-14 17:20:13,615 [Worker-42: Building] INFO  o.a.m.s.f.DefaultMavenResourcesFiltering - Copying 0 resource from src\main\resources to target\classes
2024-05-14 17:20:13,625 [Worker-42: Building] INFO  o.a.m.s.f.DefaultMavenResourcesFiltering - skip non existing resourceDirectory C:\Users\gabri\eclipse-workspace\springboot\springboot\src\test\resources
2024-05-14 17:25:45,644 [Worker-46: Building] INFO  o.a.m.s.f.DefaultMavenResourcesFiltering - Copying 1 resource from src\main\resources to target\classes
2024-05-14 17:25:45,672 [Worker-46: Building] INFO  o.a.m.s.f.DefaultMavenResourcesFiltering - Copying 0 resource from src\main\resources to target\classes
2024-05-14 17:25:45,677 [Worker-46: Building] INFO  o.a.m.s.f.DefaultMavenResourcesFiltering - skip non existing resourceDirectory C:\Users\gabri\eclipse-workspace\springboot\springboot\src\test\resources
2024-05-14 17:40:03,615 [Worker-21: Building] INFO  o.a.m.s.f.DefaultMavenResourcesFiltering - Copying 1 resource from src\main\resources to target\classes
2024-05-14 17:40:03,678 [Worker-21: Building] INFO  o.a.m.s.f.DefaultMavenResourcesFiltering - Copying 0 resource from src\main\resources to target\classes
2024-05-14 17:40:03,690 [Worker-21: Building] INFO  o.a.m.s.f.DefaultMavenResourcesFiltering - skip non existing resourceDirectory C:\Users\gabri\eclipse-workspace\springboot\springboot\src\test\resources
2024-05-14 17:52:59,018 [Worker-44: Building] INFO  o.a.m.s.f.DefaultMavenResourcesFiltering - Copying 1 resource from src\main\resources to target\classes
2024-05-14 17:52:59,072 [Worker-44: Building] INFO  o.a.m.s.f.DefaultMavenResourcesFiltering - Copying 0 resource from src\main\resources to target\classes
2024-05-14 17:52:59,077 [Worker-44: Building] INFO  o.a.m.s.f.DefaultMavenResourcesFiltering - skip non existing resourceDirectory C:\Users\gabri\eclipse-workspace\springboot\springboot\src\test\resources
2024-05-14 17:54:24,656 [Worker-43: Building] INFO  o.a.m.s.f.DefaultMavenResourcesFiltering - Copying 1 resource from src\main\resources to target\classes
2024-05-14 17:54:24,673 [Worker-43: Building] INFO  o.a.m.s.f.DefaultMavenResourcesFiltering - Copying 0 resource from src\main\resources to target\classes
2024-05-14 17:54:24,680 [Worker-43: Building] INFO  o.a.m.s.f.DefaultMavenResourcesFiltering - skip non existing resourceDirectory C:\Users\gabri\eclipse-workspace\springboot\springboot\src\test\resources
2024-05-14 18:07:19,472 [Worker-52: Building] INFO  o.a.m.s.f.DefaultMavenResourcesFiltering - Copying 1 resource from src\main\resources to target\classes
2024-05-14 18:07:19,534 [Worker-52: Building] INFO  o.a.m.s.f.DefaultMavenResourcesFiltering - Copying 0 resource from src\main\resources to target\classes
2024-05-14 18:07:19,539 [Worker-52: Building] INFO  o.a.m.s.f.DefaultMavenResourcesFiltering - skip non existing resourceDirectory C:\Users\gabri\eclipse-workspace\springboot\springboot\src\test\resources
2024-05-14 18:07:57,970 [Worker-48: Building] INFO  o.a.m.s.f.DefaultMavenResourcesFiltering - Copying 1 resource from src\main\resources to target\classes
2024-05-14 18:07:57,983 [Worker-48: Building] INFO  o.a.m.s.f.DefaultMavenResourcesFiltering - Copying 0 resource from src\main\resources to target\classes
2024-05-14 18:07:57,988 [Worker-48: Building] INFO  o.a.m.s.f.DefaultMavenResourcesFiltering - skip non existing resourceDirectory C:\Users\gabri\eclipse-workspace\springboot\springboot\src\test\resources
2024-05-14 18:12:48,403 [Worker-52: Building] INFO  o.a.m.s.f.DefaultMavenResourcesFiltering - Copying 1 resource from src\main\resources to target\classes
2024-05-14 18:12:48,422 [Worker-52: Building] INFO  o.a.m.s.f.DefaultMavenResourcesFiltering - Copying 0 resource from src\main\resources to target\classes
2024-05-14 18:12:48,431 [Worker-52: Building] INFO  o.a.m.s.f.DefaultMavenResourcesFiltering - skip non existing resourceDirectory C:\Users\gabri\eclipse-workspace\springboot\springboot\src\test\resources
2024-05-14 18:20:44,907 [Worker-48: Building] INFO  o.e.m.c.i.l.LifecycleMappingFactory - Using org.eclipse.m2e.jdt.JarLifecycleMapping lifecycle mapping for MavenProject: com.example:springboot:0.0.1-SNAPSHOT @ C:\Users\gabri\eclipse-workspace\springboot\springboot\pom.xml.
2024-05-14 18:20:46,156 [Worker-48: Building] INFO  o.e.m.c.i.e.AbstractTransferListenerAdapter - Downloading https://repo.maven.apache.org/maven2/org/springframework/boot/spring-boot-starter-hateoas/3.2.5/spring-boot-starter-hateoas-3.2.5.pom
2024-05-14 18:20:46,205 [Worker-48: Building] INFO  o.e.m.c.i.e.AbstractTransferListenerAdapter - Downloaded https://repo.maven.apache.org/maven2/org/springframework/boot/spring-boot-starter-hateoas/3.2.5/spring-boot-starter-hateoas-3.2.5.pom
2024-05-14 18:20:46,240 [Worker-48: Building] INFO  o.e.m.c.i.e.AbstractTransferListenerAdapter - Downloading https://repo.maven.apache.org/maven2/org/springframework/hateoas/spring-hateoas/2.2.2/spring-hateoas-2.2.2.pom
2024-05-14 18:20:46,277 [Worker-48: Building] INFO  o.e.m.c.i.e.AbstractTransferListenerAdapter - Downloaded https://repo.maven.apache.org/maven2/org/springframework/hateoas/spring-hateoas/2.2.2/spring-hateoas-2.2.2.pom
2024-05-14 18:20:46,309 [Worker-48: Building] INFO  o.e.m.c.i.e.AbstractTransferListenerAdapter - Downloading https://repo.maven.apache.org/maven2/org/springframework/plugin/spring-plugin-core/3.0.0/spring-plugin-core-3.0.0.pom
2024-05-14 18:20:46,346 [Worker-48: Building] INFO  o.e.m.c.i.e.AbstractTransferListenerAdapter - Downloaded https://repo.maven.apache.org/maven2/org/springframework/plugin/spring-plugin-core/3.0.0/spring-plugin-core-3.0.0.pom
2024-05-14 18:20:46,882 [AetherRepositoryConnector-repo.maven.apache.org-0-1] INFO  o.e.m.c.i.e.AbstractTransferListenerAdapter - Downloading https://repo.maven.apache.org/maven2/org/springframework/hateoas/spring-hateoas/2.2.2/spring-hateoas-2.2.2.jar
2024-05-14 18:20:46,933 [AetherRepositoryConnector-repo.maven.apache.org-0-2] INFO  o.e.m.c.i.e.AbstractTransferListenerAdapter - Downloading https://repo.maven.apache.org/maven2/org/springframework/plugin/spring-plugin-core/3.0.0/spring-plugin-core-3.0.0.jar
2024-05-14 18:20:46,933 [AetherRepositoryConnector-repo.maven.apache.org-0-0] INFO  o.e.m.c.i.e.AbstractTransferListenerAdapter - Downloading https://repo.maven.apache.org/maven2/org/springframework/boot/spring-boot-starter-hateoas/3.2.5/spring-boot-starter-hateoas-3.2.5.jar
2024-05-14 18:20:46,997 [AetherRepositoryConnector-repo.maven.apache.org-0-2] INFO  o.e.m.c.i.e.AbstractTransferListenerAdapter - Downloaded https://repo.maven.apache.org/maven2/org/springframework/plugin/spring-plugin-core/3.0.0/spring-plugin-core-3.0.0.jar
2024-05-14 18:20:46,999 [AetherRepositoryConnector-repo.maven.apache.org-0-0] INFO  o.e.m.c.i.e.AbstractTransferListenerAdapter - Downloaded https://repo.maven.apache.org/maven2/org/springframework/boot/spring-boot-starter-hateoas/3.2.5/spring-boot-starter-hateoas-3.2.5.jar
2024-05-14 18:20:47,065 [AetherRepositoryConnector-repo.maven.apache.org-0-1] INFO  o.e.m.c.i.e.AbstractTransferListenerAdapter - Downloaded https://repo.maven.apache.org/maven2/org/springframework/hateoas/spring-hateoas/2.2.2/spring-hateoas-2.2.2.jar
2024-05-14 18:20:47,620 [Worker-48: Building] INFO  o.a.m.s.f.DefaultMavenResourcesFiltering - Copying 0 resource from src\main\resources to target\classes
2024-05-14 18:20:47,622 [Worker-48: Building] INFO  o.a.m.s.f.DefaultMavenResourcesFiltering - Copying 0 resource from src\main\resources to target\classes
2024-05-14 18:20:47,628 [Worker-48: Building] INFO  o.a.m.s.f.DefaultMavenResourcesFiltering - skip non existing resourceDirectory C:\Users\gabri\eclipse-workspace\springboot\springboot\src\test\resources
2024-05-14 18:20:48,412 [Worker-56: Download sources and javadoc] INFO  o.e.m.c.i.e.AbstractTransferListenerAdapter - Downloading https://repo.maven.apache.org/maven2/org/springframework/boot/spring-boot-starter-hateoas/3.2.5/spring-boot-starter-hateoas-3.2.5-sources.jar
2024-05-14 18:20:48,675 [Worker-56: Download sources and javadoc] INFO  o.e.m.c.i.e.AbstractTransferListenerAdapter - Downloaded https://repo.maven.apache.org/maven2/org/springframework/boot/spring-boot-starter-hateoas/3.2.5/spring-boot-starter-hateoas-3.2.5-sources.jar
2024-05-14 18:20:48,680 [Worker-56: Download sources and javadoc] INFO  o.e.m.j.internal.DownloadSourcesJob - Downloaded sources for org.springframework.boot:spring-boot-starter-hateoas:3.2.5
2024-05-14 18:20:48,763 [Worker-56: Download sources and javadoc] INFO  o.e.m.c.i.e.AbstractTransferListenerAdapter - Downloading https://repo.maven.apache.org/maven2/org/springframework/hateoas/spring-hateoas/2.2.2/spring-hateoas-2.2.2-sources.jar
2024-05-14 18:20:48,985 [Worker-56: Download sources and javadoc] INFO  o.e.m.c.i.e.AbstractTransferListenerAdapter - Downloaded https://repo.maven.apache.org/maven2/org/springframework/hateoas/spring-hateoas/2.2.2/spring-hateoas-2.2.2-sources.jar
2024-05-14 18:20:48,990 [Worker-56: Download sources and javadoc] INFO  o.e.m.j.internal.DownloadSourcesJob - Downloaded sources for org.springframework.hateoas:spring-hateoas:2.2.2
2024-05-14 18:20:49,077 [Worker-56: Download sources and javadoc] INFO  o.e.m.c.i.e.AbstractTransferListenerAdapter - Downloading https://repo.maven.apache.org/maven2/org/springframework/plugin/spring-plugin-core/3.0.0/spring-plugin-core-3.0.0-sources.jar
2024-05-14 18:20:49,122 [Worker-56: Download sources and javadoc] INFO  o.e.m.c.i.e.AbstractTransferListenerAdapter - Downloaded https://repo.maven.apache.org/maven2/org/springframework/plugin/spring-plugin-core/3.0.0/spring-plugin-core-3.0.0-sources.jar
2024-05-14 18:20:49,130 [Worker-56: Download sources and javadoc] INFO  o.e.m.j.internal.DownloadSourcesJob - Downloaded sources for org.springframework.plugin:spring-plugin-core:3.0.0
2024-05-14 18:20:55,918 [Worker-46: Launching Executing install in C__Users_gabri_eclipse-workspace_springboot_springboot] INFO  o.eclipse.m2e.core.internal.Bundles - getClasspathEntries(Bundle=org.eclipse.m2e.maven.runtime_3.9.400.20230826-0755 [295])
2024-05-14 18:20:55,921 [Worker-46: Launching Executing install in C__Users_gabri_eclipse-workspace_springboot_springboot] INFO  o.eclipse.m2e.core.internal.Bundles - 	Entry: C:\Users\gabri\.p2\pool\plugins\org.eclipse.m2e.maven.runtime_3.9.400.20230826-0755
2024-05-14 18:20:55,922 [Worker-46: Launching Executing install in C__Users_gabri_eclipse-workspace_springboot_springboot] INFO  o.eclipse.m2e.core.internal.Bundles - 	Entry: C:\Users\gabri\.p2\pool\plugins\org.eclipse.m2e.maven.runtime_3.9.400.20230826-0755\jars\aether-connector-okhttp-0.17.8.jar
2024-05-14 18:20:55,923 [Worker-46: Launching Executing install in C__Users_gabri_eclipse-workspace_springboot_springboot] INFO  o.eclipse.m2e.core.internal.Bundles - 	Entry: C:\Users\gabri\.p2\pool\plugins\org.eclipse.m2e.maven.runtime_3.9.400.20230826-0755\jars\aopalliance-1.0.jar
2024-05-14 18:20:55,923 [Worker-46: Launching Executing install in C__Users_gabri_eclipse-workspace_springboot_springboot] INFO  o.eclipse.m2e.core.internal.Bundles - 	Entry: C:\Users\gabri\.p2\pool\plugins\org.eclipse.m2e.maven.runtime_3.9.400.20230826-0755\jars\commons-lang3-3.12.0.jar
2024-05-14 18:20:55,924 [Worker-46: Launching Executing install in C__Users_gabri_eclipse-workspace_springboot_springboot] INFO  o.eclipse.m2e.core.internal.Bundles - 	Entry: C:\Users\gabri\.p2\pool\plugins\org.eclipse.m2e.maven.runtime_3.9.400.20230826-0755\jars\guice-5.1.0.jar
2024-05-14 18:20:55,924 [Worker-46: Launching Executing install in C__Users_gabri_eclipse-workspace_springboot_springboot] INFO  o.eclipse.m2e.core.internal.Bundles - 	Entry: C:\Users\gabri\.p2\pool\plugins\org.eclipse.m2e.maven.runtime_3.9.400.20230826-0755\jars\jansi-2.4.0.jar
2024-05-14 18:20:55,925 [Worker-46: Launching Executing install in C__Users_gabri_eclipse-workspace_springboot_springboot] INFO  o.eclipse.m2e.core.internal.Bundles - 	Entry: C:\Users\gabri\.p2\pool\plugins\org.eclipse.m2e.maven.runtime_3.9.400.20230826-0755\jars\maven-artifact-3.9.4.jar
2024-05-14 18:20:55,926 [Worker-46: Launching Executing install in C__Users_gabri_eclipse-workspace_springboot_springboot] INFO  o.eclipse.m2e.core.internal.Bundles - 	Entry: C:\Users\gabri\.p2\pool\plugins\org.eclipse.m2e.maven.runtime_3.9.400.20230826-0755\jars\maven-builder-support-3.9.4.jar
2024-05-14 18:20:55,926 [Worker-46: Launching Executing install in C__Users_gabri_eclipse-workspace_springboot_springboot] INFO  o.eclipse.m2e.core.internal.Bundles - 	Entry: C:\Users\gabri\.p2\pool\plugins\org.eclipse.m2e.maven.runtime_3.9.400.20230826-0755\jars\maven-compat-3.9.4.jar
2024-05-14 18:20:55,926 [Worker-46: Launching Executing install in C__Users_gabri_eclipse-workspace_springboot_springboot] INFO  o.eclipse.m2e.core.internal.Bundles - 	Entry: C:\Users\gabri\.p2\pool\plugins\org.eclipse.m2e.maven.runtime_3.9.400.20230826-0755\jars\maven-core-3.9.4.jar
2024-05-14 18:20:55,927 [Worker-46: Launching Executing install in C__Users_gabri_eclipse-workspace_springboot_springboot] INFO  o.eclipse.m2e.core.internal.Bundles - 	Entry: C:\Users\gabri\.p2\pool\plugins\org.eclipse.m2e.maven.runtime_3.9.400.20230826-0755\jars\maven-embedder-3.9.4.jar
2024-05-14 18:20:55,927 [Worker-46: Launching Executing install in C__Users_gabri_eclipse-workspace_springboot_springboot] INFO  o.eclipse.m2e.core.internal.Bundles - 	Entry: C:\Users\gabri\.p2\pool\plugins\org.eclipse.m2e.maven.runtime_3.9.400.20230826-0755\jars\maven-model-3.9.4.jar
2024-05-14 18:20:55,927 [Worker-46: Launching Executing install in C__Users_gabri_eclipse-workspace_springboot_springboot] INFO  o.eclipse.m2e.core.internal.Bundles - 	Entry: C:\Users\gabri\.p2\pool\plugins\org.eclipse.m2e.maven.runtime_3.9.400.20230826-0755\jars\maven-model-builder-3.9.4.jar
2024-05-14 18:20:55,927 [Worker-46: Launching Executing install in C__Users_gabri_eclipse-workspace_springboot_springboot] INFO  o.eclipse.m2e.core.internal.Bundles - 	Entry: C:\Users\gabri\.p2\pool\plugins\org.eclipse.m2e.maven.runtime_3.9.400.20230826-0755\jars\maven-plugin-api-3.9.4.jar
2024-05-14 18:20:55,929 [Worker-46: Launching Executing install in C__Users_gabri_eclipse-workspace_springboot_springboot] INFO  o.eclipse.m2e.core.internal.Bundles - 	Entry: C:\Users\gabri\.p2\pool\plugins\org.eclipse.m2e.maven.runtime_3.9.400.20230826-0755\jars\maven-repository-metadata-3.9.4.jar
2024-05-14 18:20:55,929 [Worker-46: Launching Executing install in C__Users_gabri_eclipse-workspace_springboot_springboot] INFO  o.eclipse.m2e.core.internal.Bundles - 	Entry: C:\Users\gabri\.p2\pool\plugins\org.eclipse.m2e.maven.runtime_3.9.400.20230826-0755\jars\maven-resolver-api-1.9.14.jar
2024-05-14 18:20:55,929 [Worker-46: Launching Executing install in C__Users_gabri_eclipse-workspace_springboot_springboot] INFO  o.eclipse.m2e.core.internal.Bundles - 	Entry: C:\Users\gabri\.p2\pool\plugins\org.eclipse.m2e.maven.runtime_3.9.400.20230826-0755\jars\maven-resolver-connector-basic-1.9.14.jar
2024-05-14 18:20:55,929 [Worker-46: Launching Executing install in C__Users_gabri_eclipse-workspace_springboot_springboot] INFO  o.eclipse.m2e.core.internal.Bundles - 	Entry: C:\Users\gabri\.p2\pool\plugins\org.eclipse.m2e.maven.runtime_3.9.400.20230826-0755\jars\maven-resolver-impl-1.9.14.jar
2024-05-14 18:20:55,930 [Worker-46: Launching Executing install in C__Users_gabri_eclipse-workspace_springboot_springboot] INFO  o.eclipse.m2e.core.internal.Bundles - 	Entry: C:\Users\gabri\.p2\pool\plugins\org.eclipse.m2e.maven.runtime_3.9.400.20230826-0755\jars\maven-resolver-named-locks-1.9.14.jar
2024-05-14 18:20:55,930 [Worker-46: Launching Executing install in C__Users_gabri_eclipse-workspace_springboot_springboot] INFO  o.eclipse.m2e.core.internal.Bundles - 	Entry: C:\Users\gabri\.p2\pool\plugins\org.eclipse.m2e.maven.runtime_3.9.400.20230826-0755\jars\maven-resolver-provider-3.9.4.jar
2024-05-14 18:20:55,930 [Worker-46: Launching Executing install in C__Users_gabri_eclipse-workspace_springboot_springboot] INFO  o.eclipse.m2e.core.internal.Bundles - 	Entry: C:\Users\gabri\.p2\pool\plugins\org.eclipse.m2e.maven.runtime_3.9.400.20230826-0755\jars\maven-resolver-spi-1.9.14.jar
2024-05-14 18:20:55,931 [Worker-46: Launching Executing install in C__Users_gabri_eclipse-workspace_springboot_springboot] INFO  o.eclipse.m2e.core.internal.Bundles - 	Entry: C:\Users\gabri\.p2\pool\plugins\org.eclipse.m2e.maven.runtime_3.9.400.20230826-0755\jars\maven-resolver-transport-wagon-1.9.14.jar
2024-05-14 18:20:55,931 [Worker-46: Launching Executing install in C__Users_gabri_eclipse-workspace_springboot_springboot] INFO  o.eclipse.m2e.core.internal.Bundles - 	Entry: C:\Users\gabri\.p2\pool\plugins\org.eclipse.m2e.maven.runtime_3.9.400.20230826-0755\jars\maven-resolver-util-1.9.14.jar
2024-05-14 18:20:55,931 [Worker-46: Launching Executing install in C__Users_gabri_eclipse-workspace_springboot_springboot] INFO  o.eclipse.m2e.core.internal.Bundles - 	Entry: C:\Users\gabri\.p2\pool\plugins\org.eclipse.m2e.maven.runtime_3.9.400.20230826-0755\jars\maven-settings-3.9.4.jar
2024-05-14 18:20:55,932 [Worker-46: Launching Executing install in C__Users_gabri_eclipse-workspace_springboot_springboot] INFO  o.eclipse.m2e.core.internal.Bundles - 	Entry: C:\Users\gabri\.p2\pool\plugins\org.eclipse.m2e.maven.runtime_3.9.400.20230826-0755\jars\maven-settings-builder-3.9.4.jar
2024-05-14 18:20:55,932 [Worker-46: Launching Executing install in C__Users_gabri_eclipse-workspace_springboot_springboot] INFO  o.eclipse.m2e.core.internal.Bundles - 	Entry: C:\Users\gabri\.p2\pool\plugins\org.eclipse.m2e.maven.runtime_3.9.400.20230826-0755\jars\maven-shared-utils-3.3.4.jar
2024-05-14 18:20:55,932 [Worker-46: Launching Executing install in C__Users_gabri_eclipse-workspace_springboot_springboot] INFO  o.eclipse.m2e.core.internal.Bundles - 	Entry: C:\Users\gabri\.p2\pool\plugins\org.eclipse.m2e.maven.runtime_3.9.400.20230826-0755\jars\okhttp-3.14.1.jar
2024-05-14 18:20:55,933 [Worker-46: Launching Executing install in C__Users_gabri_eclipse-workspace_springboot_springboot] INFO  o.eclipse.m2e.core.internal.Bundles - 	Entry: C:\Users\gabri\.p2\pool\plugins\org.eclipse.m2e.maven.runtime_3.9.400.20230826-0755\jars\okio-1.17.3.jar
2024-05-14 18:20:55,933 [Worker-46: Launching Executing install in C__Users_gabri_eclipse-workspace_springboot_springboot] INFO  o.eclipse.m2e.core.internal.Bundles - 	Entry: C:\Users\gabri\.p2\pool\plugins\org.eclipse.m2e.maven.runtime_3.9.400.20230826-0755\jars\org.eclipse.sisu.inject-0.3.5.jar
2024-05-14 18:20:55,934 [Worker-46: Launching Executing install in C__Users_gabri_eclipse-workspace_springboot_springboot] INFO  o.eclipse.m2e.core.internal.Bundles - 	Entry: C:\Users\gabri\.p2\pool\plugins\org.eclipse.m2e.maven.runtime_3.9.400.20230826-0755\jars\org.eclipse.sisu.plexus-0.3.5.jar
2024-05-14 18:20:55,934 [Worker-46: Launching Executing install in C__Users_gabri_eclipse-workspace_springboot_springboot] INFO  o.eclipse.m2e.core.internal.Bundles - 	Entry: C:\Users\gabri\.p2\pool\plugins\org.eclipse.m2e.maven.runtime_3.9.400.20230826-0755\jars\plexus-build-api-0.0.7.jar
2024-05-14 18:20:55,934 [Worker-46: Launching Executing install in C__Users_gabri_eclipse-workspace_springboot_springboot] INFO  o.eclipse.m2e.core.internal.Bundles - 	Entry: C:\Users\gabri\.p2\pool\plugins\org.eclipse.m2e.maven.runtime_3.9.400.20230826-0755\jars\plexus-cipher-2.0.jar
2024-05-14 18:20:55,935 [Worker-46: Launching Executing install in C__Users_gabri_eclipse-workspace_springboot_springboot] INFO  o.eclipse.m2e.core.internal.Bundles - 	Entry: C:\Users\gabri\.p2\pool\plugins\org.eclipse.m2e.maven.runtime_3.9.400.20230826-0755\jars\plexus-classworlds-2.7.0.jar
2024-05-14 18:20:55,935 [Worker-46: Launching Executing install in C__Users_gabri_eclipse-workspace_springboot_springboot] INFO  o.eclipse.m2e.core.internal.Bundles - 	Entry: C:\Users\gabri\.p2\pool\plugins\org.eclipse.m2e.maven.runtime_3.9.400.20230826-0755\jars\plexus-component-annotations-2.1.0.jar
2024-05-14 18:20:55,935 [Worker-46: Launching Executing install in C__Users_gabri_eclipse-workspace_springboot_springboot] INFO  o.eclipse.m2e.core.internal.Bundles - 	Entry: C:\Users\gabri\.p2\pool\plugins\org.eclipse.m2e.maven.runtime_3.9.400.20230826-0755\jars\plexus-interpolation-1.26.jar
2024-05-14 18:20:55,936 [Worker-46: Launching Executing install in C__Users_gabri_eclipse-workspace_springboot_springboot] INFO  o.eclipse.m2e.core.internal.Bundles - 	Entry: C:\Users\gabri\.p2\pool\plugins\org.eclipse.m2e.maven.runtime_3.9.400.20230826-0755\jars\plexus-sec-dispatcher-2.0.jar
2024-05-14 18:20:55,936 [Worker-46: Launching Executing install in C__Users_gabri_eclipse-workspace_springboot_springboot] INFO  o.eclipse.m2e.core.internal.Bundles - 	Entry: C:\Users\gabri\.p2\pool\plugins\org.eclipse.m2e.maven.runtime_3.9.400.20230826-0755\jars\plexus-utils-3.5.1.jar
2024-05-14 18:20:55,937 [Worker-46: Launching Executing install in C__Users_gabri_eclipse-workspace_springboot_springboot] INFO  o.eclipse.m2e.core.internal.Bundles - 	Entry: C:\Users\gabri\.p2\pool\plugins\org.eclipse.m2e.maven.runtime_3.9.400.20230826-0755\jars\wagon-file-3.5.3.jar
2024-05-14 18:20:55,937 [Worker-46: Launching Executing install in C__Users_gabri_eclipse-workspace_springboot_springboot] INFO  o.eclipse.m2e.core.internal.Bundles - 	Entry: C:\Users\gabri\.p2\pool\plugins\org.eclipse.m2e.maven.runtime_3.9.400.20230826-0755\jars\wagon-provider-api-3.5.3.jar
2024-05-14 18:20:55,940 [Worker-46: Launching Executing install in C__Users_gabri_eclipse-workspace_springboot_springboot] INFO  o.eclipse.m2e.core.internal.Bundles - getClasspathEntries(Bundle=com.google.guava_32.1.2.jre [10])
2024-05-14 18:20:55,942 [Worker-46: Launching Executing install in C__Users_gabri_eclipse-workspace_springboot_springboot] INFO  o.eclipse.m2e.core.internal.Bundles - 	Entry: C:\Users\gabri\.p2\pool\plugins\com.google.guava_32.1.2.jre.jar
2024-05-14 18:20:55,942 [Worker-46: Launching Executing install in C__Users_gabri_eclipse-workspace_springboot_springboot] INFO  o.eclipse.m2e.core.internal.Bundles - getClasspathEntries(Bundle=slf4j.api_2.0.12 [602])
2024-05-14 18:20:55,943 [Worker-46: Launching Executing install in C__Users_gabri_eclipse-workspace_springboot_springboot] INFO  o.eclipse.m2e.core.internal.Bundles - 	Entry: C:\Users\gabri\.p2\pool\plugins\slf4j.api_2.0.12.jar
2024-05-14 18:20:55,943 [Worker-46: Launching Executing install in C__Users_gabri_eclipse-workspace_springboot_springboot] INFO  o.eclipse.m2e.core.internal.Bundles - getClasspathEntries(Bundle=javax.inject_1.0.0.v20220405-0441 [26])
2024-05-14 18:20:55,944 [Worker-46: Launching Executing install in C__Users_gabri_eclipse-workspace_springboot_springboot] INFO  o.eclipse.m2e.core.internal.Bundles - 	Entry: C:\Users\gabri\.p2\pool\plugins\javax.inject_1.0.0.v20220405-0441.jar
2024-05-14 18:20:55,944 [Worker-46: Launching Executing install in C__Users_gabri_eclipse-workspace_springboot_springboot] INFO  o.eclipse.m2e.core.internal.Bundles - getClasspathEntries(Bundle=javax.annotation_1.3.5.v20200909-1856 [24])
2024-05-14 18:20:55,945 [Worker-46: Launching Executing install in C__Users_gabri_eclipse-workspace_springboot_springboot] INFO  o.eclipse.m2e.core.internal.Bundles - 	Entry: C:\Users\gabri\.p2\pool\plugins\javax.annotation_1.3.5.v20200909-1856.jar
2024-05-14 18:20:55,945 [Worker-46: Launching Executing install in C__Users_gabri_eclipse-workspace_springboot_springboot] INFO  o.eclipse.m2e.core.internal.Bundles - getClasspathEntries(Bundle=org.apache.commons.cli_1.6.0 [539])
2024-05-14 18:20:55,946 [Worker-46: Launching Executing install in C__Users_gabri_eclipse-workspace_springboot_springboot] INFO  o.eclipse.m2e.core.internal.Bundles - 	Entry: C:\Users\gabri\.p2\pool\plugins\org.apache.commons.cli_1.6.0.jar
2024-05-14 18:20:55,946 [Worker-46: Launching Executing install in C__Users_gabri_eclipse-workspace_springboot_springboot] INFO  o.eclipse.m2e.core.internal.Bundles - getClasspathEntries(Bundle=com.google.guava.failureaccess_1.0.2 [536])
2024-05-14 18:20:55,947 [Worker-46: Launching Executing install in C__Users_gabri_eclipse-workspace_springboot_springboot] INFO  o.eclipse.m2e.core.internal.Bundles - 	Entry: C:\Users\gabri\.p2\pool\plugins\com.google.guava.failureaccess_1.0.2.jar
2024-05-14 18:20:55,955 [Worker-46: Launching Executing install in C__Users_gabri_eclipse-workspace_springboot_springboot] INFO  o.e.m.i.launch.MavenLaunchDelegate - Run build in "C:\Users\gabri\eclipse-workspace\springboot\springboot":
2024-05-14 18:20:55,956 [Worker-46: Launching Executing install in C__Users_gabri_eclipse-workspace_springboot_springboot] INFO  o.e.m.i.launch.MavenLaunchDelegate -  mvn  -B -Dstyle.color=always install
2024-05-14 18:24:32,821 [Worker-58: Building] INFO  o.a.m.s.f.DefaultMavenResourcesFiltering - Copying 1 resource from src\main\resources to target\classes
2024-05-14 18:24:32,859 [Worker-58: Building] INFO  o.a.m.s.f.DefaultMavenResourcesFiltering - Copying 0 resource from src\main\resources to target\classes
2024-05-14 18:24:32,863 [Worker-58: Building] INFO  o.a.m.s.f.DefaultMavenResourcesFiltering - skip non existing resourceDirectory C:\Users\gabri\eclipse-workspace\springboot\springboot\src\test\resources
2024-05-14 18:34:31,962 [Worker-58: Building] INFO  o.a.m.s.f.DefaultMavenResourcesFiltering - Copying 1 resource from src\main\resources to target\classes
2024-05-14 18:34:31,977 [Worker-58: Building] INFO  o.a.m.s.f.DefaultMavenResourcesFiltering - Copying 0 resource from src\main\resources to target\classes
2024-05-14 18:34:31,983 [Worker-58: Building] INFO  o.a.m.s.f.DefaultMavenResourcesFiltering - skip non existing resourceDirectory C:\Users\gabri\eclipse-workspace\springboot\springboot\src\test\resources
2024-05-14 18:35:20,607 [Worker-58: Building] INFO  o.a.m.s.f.DefaultMavenResourcesFiltering - Copying 1 resource from src\main\resources to target\classes
2024-05-14 18:35:20,634 [Worker-58: Building] INFO  o.a.m.s.f.DefaultMavenResourcesFiltering - Copying 0 resource from src\main\resources to target\classes
2024-05-14 18:35:20,639 [Worker-58: Building] INFO  o.a.m.s.f.DefaultMavenResourcesFiltering - skip non existing resourceDirectory C:\Users\gabri\eclipse-workspace\springboot\springboot\src\test\resources
2024-05-14 18:36:07,952 [Worker-62: Building] INFO  o.a.m.s.f.DefaultMavenResourcesFiltering - Copying 1 resource from src\main\resources to target\classes
2024-05-14 18:36:07,962 [Worker-62: Building] INFO  o.a.m.s.f.DefaultMavenResourcesFiltering - Copying 0 resource from src\main\resources to target\classes
2024-05-14 18:36:07,966 [Worker-62: Building] INFO  o.a.m.s.f.DefaultMavenResourcesFiltering - skip non existing resourceDirectory C:\Users\gabri\eclipse-workspace\springboot\springboot\src\test\resources
2024-05-14 18:36:38,659 [Worker-60: Building] INFO  o.a.m.s.f.DefaultMavenResourcesFiltering - Copying 1 resource from src\main\resources to target\classes
2024-05-14 18:36:38,753 [Worker-60: Building] INFO  o.a.m.s.f.DefaultMavenResourcesFiltering - Copying 0 resource from src\main\resources to target\classes
2024-05-14 18:36:38,757 [Worker-60: Building] INFO  o.a.m.s.f.DefaultMavenResourcesFiltering - skip non existing resourceDirectory C:\Users\gabri\eclipse-workspace\springboot\springboot\src\test\resources
2024-05-14 18:36:44,929 [Worker-58: Building] INFO  o.a.m.s.f.DefaultMavenResourcesFiltering - Copying 1 resource from src\main\resources to target\classes
2024-05-14 18:36:44,941 [Worker-58: Building] INFO  o.a.m.s.f.DefaultMavenResourcesFiltering - Copying 0 resource from src\main\resources to target\classes
2024-05-14 18:36:44,945 [Worker-58: Building] INFO  o.a.m.s.f.DefaultMavenResourcesFiltering - skip non existing resourceDirectory C:\Users\gabri\eclipse-workspace\springboot\springboot\src\test\resources
2024-05-14 18:36:59,761 [Worker-62: Building] INFO  o.a.m.s.f.DefaultMavenResourcesFiltering - Copying 1 resource from src\main\resources to target\classes
2024-05-14 18:36:59,772 [Worker-62: Building] INFO  o.a.m.s.f.DefaultMavenResourcesFiltering - Copying 0 resource from src\main\resources to target\classes
2024-05-14 18:36:59,776 [Worker-62: Building] INFO  o.a.m.s.f.DefaultMavenResourcesFiltering - skip non existing resourceDirectory C:\Users\gabri\eclipse-workspace\springboot\springboot\src\test\resources
2024-05-14 18:37:09,510 [Worker-55: Building] INFO  o.a.m.s.f.DefaultMavenResourcesFiltering - Copying 1 resource from src\main\resources to target\classes
2024-05-14 18:37:09,612 [Worker-55: Building] INFO  o.a.m.s.f.DefaultMavenResourcesFiltering - Copying 0 resource from src\main\resources to target\classes
2024-05-14 18:37:09,616 [Worker-55: Building] INFO  o.a.m.s.f.DefaultMavenResourcesFiltering - skip non existing resourceDirectory C:\Users\gabri\eclipse-workspace\springboot\springboot\src\test\resources
2024-05-14 18:44:21,979 [Worker-55: Building] INFO  o.a.m.s.f.DefaultMavenResourcesFiltering - Copying 1 resource from src\main\resources to target\classes
2024-05-14 18:44:21,997 [Worker-55: Building] INFO  o.a.m.s.f.DefaultMavenResourcesFiltering - Copying 0 resource from src\main\resources to target\classes
2024-05-14 18:44:21,999 [Worker-55: Building] INFO  o.a.m.s.f.DefaultMavenResourcesFiltering - skip non existing resourceDirectory C:\Users\gabri\eclipse-workspace\springboot\springboot\src\test\resources
2024-05-14 18:46:48,406 [Worker-63: Building] INFO  o.a.m.s.f.DefaultMavenResourcesFiltering - Copying 1 resource from src\main\resources to target\classes
2024-05-14 18:46:48,423 [Worker-63: Building] INFO  o.a.m.s.f.DefaultMavenResourcesFiltering - Copying 0 resource from src\main\resources to target\classes
2024-05-14 18:46:48,426 [Worker-63: Building] INFO  o.a.m.s.f.DefaultMavenResourcesFiltering - skip non existing resourceDirectory C:\Users\gabri\eclipse-workspace\springboot\springboot\src\test\resources
